Analysis & Synthesis report for mic1
Wed Sep 11 18:01:57 2024
Quartus II 32-bit Version 13.0.1 Build 232 06/12/2013 Service Pack 1 SJ Web Edition


---------------------
; Table of Contents ;
---------------------
  1. Legal Notice
  2. Analysis & Synthesis Summary
  3. Analysis & Synthesis Settings
  4. Parallel Compilation
  5. Analysis & Synthesis Source Files Read
  6. Analysis & Synthesis Resource Usage Summary
  7. Analysis & Synthesis Resource Utilization by Entity
  8. General Register Statistics
  9. Elapsed Time Per Partition
 10. Analysis & Synthesis Messages



----------------
; Legal Notice ;
----------------
Copyright (C) 1991-2013 Altera Corporation
Your use of Altera Corporation's design tools, logic functions 
and other software and tools, and its AMPP partner logic 
functions, and any output files from any of the foregoing 
(including device programming or simulation files), and any 
associated documentation or information are expressly subject 
to the terms and conditions of the Altera Program License 
Subscription Agreement, Altera MegaCore Function License 
Agreement, or other applicable license agreement, including, 
without limitation, that your use is for the sole purpose of 
programming logic devices manufactured by Altera and sold by 
Altera or its authorized distributors.  Please refer to the 
applicable agreement for further details.



+--------------------------------------------------------------------------------------+
; Analysis & Synthesis Summary                                                         ;
+------------------------------------+-------------------------------------------------+
; Analysis & Synthesis Status        ; Successful - Wed Sep 11 18:01:57 2024           ;
; Quartus II 32-bit Version          ; 13.0.1 Build 232 06/12/2013 SP 1 SJ Web Edition ;
; Revision Name                      ; mic1                                            ;
; Top-level Entity Name              ; REGISTER32bit                                   ;
; Family                             ; Cyclone II                                      ;
; Total logic elements               ; 85                                              ;
;     Total combinational functions  ; 85                                              ;
;     Dedicated logic registers      ; 28                                              ;
; Total registers                    ; 28                                              ;
; Total pins                         ; 166                                             ;
; Total virtual pins                 ; 0                                               ;
; Total memory bits                  ; 0                                               ;
; Embedded Multiplier 9-bit elements ; 0                                               ;
; Total PLLs                         ; 0                                               ;
+------------------------------------+-------------------------------------------------+


+----------------------------------------------------------------------------------------------------------------------+
; Analysis & Synthesis Settings                                                                                        ;
+----------------------------------------------------------------------------+--------------------+--------------------+
; Option                                                                     ; Setting            ; Default Value      ;
+----------------------------------------------------------------------------+--------------------+--------------------+
; Top-level entity name                                                      ; REGISTER32bit      ; mic1               ;
; Family name                                                                ; Cyclone II         ; Cyclone IV GX      ;
; Use smart compilation                                                      ; Off                ; Off                ;
; Enable parallel Assembler and TimeQuest Timing Analyzer during compilation ; On                 ; On                 ;
; Enable compact report table                                                ; Off                ; Off                ;
; Restructure Multiplexers                                                   ; Auto               ; Auto               ;
; Create Debugging Nodes for IP Cores                                        ; Off                ; Off                ;
; Preserve fewer node names                                                  ; On                 ; On                 ;
; Disable OpenCore Plus hardware evaluation                                  ; Off                ; Off                ;
; Verilog Version                                                            ; Verilog_2001       ; Verilog_2001       ;
; VHDL Version                                                               ; VHDL_1993          ; VHDL_1993          ;
; State Machine Processing                                                   ; Auto               ; Auto               ;
; Safe State Machine                                                         ; Off                ; Off                ;
; Extract Verilog State Machines                                             ; On                 ; On                 ;
; Extract VHDL State Machines                                                ; On                 ; On                 ;
; Ignore Verilog initial constructs                                          ; Off                ; Off                ;
; Iteration limit for constant Verilog loops                                 ; 5000               ; 5000               ;
; Iteration limit for non-constant Verilog loops                             ; 250                ; 250                ;
; Add Pass-Through Logic to Inferred RAMs                                    ; On                 ; On                 ;
; Infer RAMs from Raw Logic                                                  ; On                 ; On                 ;
; Parallel Synthesis                                                         ; On                 ; On                 ;
; DSP Block Balancing                                                        ; Auto               ; Auto               ;
; NOT Gate Push-Back                                                         ; On                 ; On                 ;
; Power-Up Don't Care                                                        ; On                 ; On                 ;
; Remove Redundant Logic Cells                                               ; Off                ; Off                ;
; Remove Duplicate Registers                                                 ; On                 ; On                 ;
; Ignore CARRY Buffers                                                       ; Off                ; Off                ;
; Ignore CASCADE Buffers                                                     ; Off                ; Off                ;
; Ignore GLOBAL Buffers                                                      ; Off                ; Off                ;
; Ignore ROW GLOBAL Buffers                                                  ; Off                ; Off                ;
; Ignore LCELL Buffers                                                       ; Off                ; Off                ;
; Ignore SOFT Buffers                                                        ; On                 ; On                 ;
; Limit AHDL Integers to 32 Bits                                             ; Off                ; Off                ;
; Optimization Technique                                                     ; Balanced           ; Balanced           ;
; Carry Chain Length                                                         ; 70                 ; 70                 ;
; Auto Carry Chains                                                          ; On                 ; On                 ;
; Auto Open-Drain Pins                                                       ; On                 ; On                 ;
; Perform WYSIWYG Primitive Resynthesis                                      ; Off                ; Off                ;
; Auto ROM Replacement                                                       ; On                 ; On                 ;
; Auto RAM Replacement                                                       ; On                 ; On                 ;
; Auto Shift Register Replacement                                            ; Auto               ; Auto               ;
; Allow Shift Register Merging across Hierarchies                            ; Auto               ; Auto               ;
; Auto Clock Enable Replacement                                              ; On                 ; On                 ;
; Strict RAM Replacement                                                     ; Off                ; Off                ;
; Allow Synchronous Control Signals                                          ; On                 ; On                 ;
; Force Use of Synchronous Clear Signals                                     ; Off                ; Off                ;
; Auto RAM to Logic Cell Conversion                                          ; Off                ; Off                ;
; Auto Resource Sharing                                                      ; Off                ; Off                ;
; Allow Any RAM Size For Recognition                                         ; Off                ; Off                ;
; Allow Any ROM Size For Recognition                                         ; Off                ; Off                ;
; Allow Any Shift Register Size For Recognition                              ; Off                ; Off                ;
; Use LogicLock Constraints during Resource Balancing                        ; On                 ; On                 ;
; Ignore translate_off and synthesis_off directives                          ; Off                ; Off                ;
; Timing-Driven Synthesis                                                    ; Off                ; Off                ;
; Report Parameter Settings                                                  ; On                 ; On                 ;
; Report Source Assignments                                                  ; On                 ; On                 ;
; Report Connectivity Checks                                                 ; On                 ; On                 ;
; Ignore Maximum Fan-Out Assignments                                         ; Off                ; Off                ;
; Synchronization Register Chain Length                                      ; 2                  ; 2                  ;
; PowerPlay Power Optimization                                               ; Normal compilation ; Normal compilation ;
; HDL message level                                                          ; Level2             ; Level2             ;
; Suppress Register Optimization Related Messages                            ; Off                ; Off                ;
; Number of Removed Registers Reported in Synthesis Report                   ; 5000               ; 5000               ;
; Number of Swept Nodes Reported in Synthesis Report                         ; 5000               ; 5000               ;
; Number of Inverted Registers Reported in Synthesis Report                  ; 100                ; 100                ;
; Clock MUX Protection                                                       ; On                 ; On                 ;
; Auto Gated Clock Conversion                                                ; Off                ; Off                ;
; Block Design Naming                                                        ; Auto               ; Auto               ;
; SDC constraint protection                                                  ; Off                ; Off                ;
; Synthesis Effort                                                           ; Auto               ; Auto               ;
; Shift Register Replacement - Allow Asynchronous Clear Signal               ; On                 ; On                 ;
; Pre-Mapping Resynthesis Optimization                                       ; Off                ; Off                ;
; Analysis & Synthesis Message Level                                         ; Medium             ; Medium             ;
; Disable Register Merging Across Hierarchies                                ; Auto               ; Auto               ;
; Resource Aware Inference For Block RAM                                     ; On                 ; On                 ;
; Synthesis Seed                                                             ; 1                  ; 1                  ;
+----------------------------------------------------------------------------+--------------------+--------------------+


Parallel compilation was disabled, but you have multiple processors available. Enable parallel compilation to reduce compilation time.
+-------------------------------------+
; Parallel Compilation                ;
+----------------------------+--------+
; Processors                 ; Number ;
+----------------------------+--------+
; Number detected on machine ; 16     ;
; Maximum allowed            ; 1      ;
+----------------------------+--------+


+------------------------------------------------------------------------------------------------------------------------------------------------------------------------------------+
; Analysis & Synthesis Source Files Read                                                                                                                                             ;
+----------------------------------+-----------------+------------------------------------+--------------------------------------------------------------------------------+---------+
; File Name with User-Entered Path ; Used in Netlist ; File Type                          ; File Name with Absolute Path                                                   ; Library ;
+----------------------------------+-----------------+------------------------------------+--------------------------------------------------------------------------------+---------+
; REGISTER32bit.bdf                ; yes             ; User Block Diagram/Schematic File  ; C:/Users/Henrique/Documents/GitHub/Quartus_AOC_Projects/mic1/REGISTER32bit.bdf ;         ;
; REGISTER4bit.bdf                 ; yes             ; User Block Diagram/Schematic File  ; C:/Users/Henrique/Documents/GitHub/Quartus_AOC_Projects/mic1/REGISTER4bit.bdf  ;         ;
+----------------------------------+-----------------+------------------------------------+--------------------------------------------------------------------------------+---------+


+-----------------------------------------------------+
; Analysis & Synthesis Resource Usage Summary         ;
+---------------------------------------------+-------+
; Resource                                    ; Usage ;
+---------------------------------------------+-------+
; Estimated Total logic elements              ; 85    ;
;                                             ;       ;
; Total combinational functions               ; 85    ;
; Logic element usage by number of LUT inputs ;       ;
;     -- 4 input functions                    ; 56    ;
;     -- 3 input functions                    ; 28    ;
;     -- <=2 input functions                  ; 1     ;
;                                             ;       ;
; Logic elements by mode                      ;       ;
;     -- normal mode                          ; 85    ;
;     -- arithmetic mode                      ; 0     ;
;                                             ;       ;
; Total registers                             ; 28    ;
;     -- Dedicated logic registers            ; 28    ;
;     -- I/O registers                        ; 0     ;
;                                             ;       ;
; I/O pins                                    ; 166   ;
; Embedded Multiplier 9-bit elements          ; 0     ;
; Maximum fan-out node                        ; LOAD  ;
; Maximum fan-out                             ; 84    ;
; Total fan-out                               ; 514   ;
; Average fan-out                             ; 1.84  ;
+---------------------------------------------+-------+


+--------------------------------------------------------------------------------------------------------------------------------------------------------------------------------------------+
; Analysis & Synthesis Resource Utilization by Entity                                                                                                                                        ;
+----------------------------+-------------------+--------------+-------------+--------------+---------+-----------+------+--------------+------------------------------------+--------------+
; Compilation Hierarchy Node ; LC Combinationals ; LC Registers ; Memory Bits ; DSP Elements ; DSP 9x9 ; DSP 18x18 ; Pins ; Virtual Pins ; Full Hierarchy Name                ; Library Name ;
+----------------------------+-------------------+--------------+-------------+--------------+---------+-----------+------+--------------+------------------------------------+--------------+
; |REGISTER32bit             ; 85 (1)            ; 28 (0)       ; 0           ; 0            ; 0       ; 0         ; 166  ; 0            ; |REGISTER32bit                     ; work         ;
;    |REGISTER4bit:inst11|   ; 12 (12)           ; 4 (4)        ; 0           ; 0            ; 0       ; 0         ; 0    ; 0            ; |REGISTER32bit|REGISTER4bit:inst11 ; work         ;
;    |REGISTER4bit:inst14|   ; 12 (12)           ; 4 (4)        ; 0           ; 0            ; 0       ; 0         ; 0    ; 0            ; |REGISTER32bit|REGISTER4bit:inst14 ; work         ;
;    |REGISTER4bit:inst15|   ; 12 (12)           ; 4 (4)        ; 0           ; 0            ; 0       ; 0         ; 0    ; 0            ; |REGISTER32bit|REGISTER4bit:inst15 ; work         ;
;    |REGISTER4bit:inst16|   ; 12 (12)           ; 4 (4)        ; 0           ; 0            ; 0       ; 0         ; 0    ; 0            ; |REGISTER32bit|REGISTER4bit:inst16 ; work         ;
;    |REGISTER4bit:inst2|    ; 12 (12)           ; 4 (4)        ; 0           ; 0            ; 0       ; 0         ; 0    ; 0            ; |REGISTER32bit|REGISTER4bit:inst2  ; work         ;
;    |REGISTER4bit:inst3|    ; 12 (12)           ; 4 (4)        ; 0           ; 0            ; 0       ; 0         ; 0    ; 0            ; |REGISTER32bit|REGISTER4bit:inst3  ; work         ;
;    |REGISTER4bit:inst|     ; 12 (12)           ; 4 (4)        ; 0           ; 0            ; 0       ; 0         ; 0    ; 0            ; |REGISTER32bit|REGISTER4bit:inst   ; work         ;
+----------------------------+-------------------+--------------+-------------+--------------+---------+-----------+------+--------------+------------------------------------+--------------+
Note: For table entries with two numbers listed, the numbers in parentheses indicate the number of resources of the given type used by the specific entity alone. The numbers listed outside of parentheses indicate the total resources of the given type used by the specific entity and all of its sub-entities in the hierarchy.


+------------------------------------------------------+
; General Register Statistics                          ;
+----------------------------------------------+-------+
; Statistic                                    ; Value ;
+----------------------------------------------+-------+
; Total registers                              ; 28    ;
; Number of registers using Synchronous Clear  ; 0     ;
; Number of registers using Synchronous Load   ; 0     ;
; Number of registers using Asynchronous Clear ; 28    ;
; Number of registers using Asynchronous Load  ; 0     ;
; Number of registers using Clock Enable       ; 0     ;
; Number of registers using Preset             ; 0     ;
+----------------------------------------------+-------+


+-------------------------------+
; Elapsed Time Per Partition    ;
+----------------+--------------+
; Partition Name ; Elapsed Time ;
+----------------+--------------+
; Top            ; 00:00:00     ;
+----------------+--------------+


+-------------------------------+
; Analysis & Synthesis Messages ;
+-------------------------------+
Info: *******************************************************************
Info: Running Quartus II 32-bit Analysis & Synthesis
    Info: Version 13.0.1 Build 232 06/12/2013 Service Pack 1 SJ Web Edition
    Info: Processing started: Wed Sep 11 18:01:56 2024
Info: Command: quartus_map --read_settings_files=on --write_settings_files=off mic1 -c mic1
Warning (20028): Parallel compilation is not licensed and has been disabled
Info (12021): Found 1 design units, including 1 entities, in source file decoder2to4.bdf
    Info (12023): Found entity 1: decoder2to4
Info (12021): Found 1 design units, including 1 entities, in source file decoder3to8.bdf
    Info (12023): Found entity 1: decoder3to8
Info (12021): Found 1 design units, including 1 entities, in source file fulladder_1bit.bdf
    Info (12023): Found entity 1: FullAdder_1bit
Info (12021): Found 1 design units, including 1 entities, in source file fulladder_8bit.bdf
    Info (12023): Found entity 1: FullAdder_8bit
Info (12021): Found 1 design units, including 1 entities, in source file ula_1bit.bdf
    Info (12023): Found entity 1: ULA_1bit
Info (12021): Found 1 design units, including 1 entities, in source file ula_32bit.bdf
    Info (12023): Found entity 1: ULA_32bit
Info (12021): Found 1 design units, including 1 entities, in source file ula_8bit.bdf
    Info (12023): Found entity 1: ULA_8bit
Info (12021): Found 1 design units, including 1 entities, in source file shifter.bdf
    Info (12023): Found entity 1: SHIFTER
Info (12021): Found 1 design units, including 1 entities, in source file register8bit.bdf
    Info (12023): Found entity 1: REGISTER8bit
Info (12021): Found 1 design units, including 1 entities, in source file bank_reg.bdf
    Info (12023): Found entity 1: BANK_REG
Info (12021): Found 1 design units, including 1 entities, in source file mar.bdf
    Info (12023): Found entity 1: MAR
Info (12021): Found 1 design units, including 1 entities, in source file register32bit.bdf
    Info (12023): Found entity 1: REGISTER32bit
Info (12021): Found 1 design units, including 1 entities, in source file mdr.bdf
    Info (12023): Found entity 1: MDR
Info (12021): Found 1 design units, including 1 entities, in source file pc.bdf
    Info (12023): Found entity 1: PC
Info (12021): Found 1 design units, including 1 entities, in source file mbr.bdf
    Info (12023): Found entity 1: MBR
Info (12021): Found 1 design units, including 1 entities, in source file mbr_extensor.bdf
    Info (12023): Found entity 1: MBR_extensor
Info (12021): Found 1 design units, including 1 entities, in source file sp.bdf
    Info (12023): Found entity 1: SP
Info (12021): Found 1 design units, including 1 entities, in source file lv.bdf
    Info (12023): Found entity 1: LV
Info (12021): Found 1 design units, including 1 entities, in source file lv_init.bdf
    Info (12023): Found entity 1: LV_init
Info (12021): Found 1 design units, including 1 entities, in source file cpp.bdf
    Info (12023): Found entity 1: CPP
Info (12021): Found 1 design units, including 1 entities, in source file cpp_init.bdf
    Info (12023): Found entity 1: CPP_init
Info (12021): Found 1 design units, including 1 entities, in source file tos.bdf
    Info (12023): Found entity 1: TOS
Info (12021): Found 1 design units, including 1 entities, in source file opc.bdf
    Info (12023): Found entity 1: OPC
Info (12021): Found 1 design units, including 1 entities, in source file h.bdf
    Info (12023): Found entity 1: H
Info (12021): Found 2 design units, including 1 entities, in source file ram.vhd
    Info (12022): Found design unit 1: ram-SYN
    Info (12023): Found entity 1: RAM
Info (12021): Found 1 design units, including 1 entities, in source file ram_test.bdf
    Info (12023): Found entity 1: RAM_TEST
Info (12021): Found 1 design units, including 1 entities, in source file register4bit.bdf
    Info (12023): Found entity 1: REGISTER4bit
Info (12127): Elaborating entity "REGISTER32bit" for the top level hierarchy
Warning (275011): Block or symbol "REGISTER4bit" of instance "inst1" overlaps another block or symbol
Info (12128): Elaborating entity "REGISTER4bit" for hierarchy "REGISTER4bit:inst3"
Warning (13004): Presettable and clearable registers converted to equivalent circuits with latches. Registers power-up to an undefined state, and DEVCLRn places the registers in an undefined state.
    Warning (13310): Register "REGISTER4bit:inst16|inst" is converted into an equivalent circuit using register "REGISTER4bit:inst16|inst~_emulated" and latch "REGISTER4bit:inst16|inst~1"
    Warning (13310): Register "REGISTER4bit:inst16|inst5" is converted into an equivalent circuit using register "REGISTER4bit:inst16|inst5~_emulated" and latch "REGISTER4bit:inst16|inst5~1"
    Warning (13310): Register "REGISTER4bit:inst16|inst16" is converted into an equivalent circuit using register "REGISTER4bit:inst16|inst16~_emulated" and latch "REGISTER4bit:inst16|inst16~1"
    Warning (13310): Register "REGISTER4bit:inst16|inst20" is converted into an equivalent circuit using register "REGISTER4bit:inst16|inst20~_emulated" and latch "REGISTER4bit:inst16|inst20~1"
    Warning (13310): Register "REGISTER4bit:inst15|inst" is converted into an equivalent circuit using register "REGISTER4bit:inst15|inst~_emulated" and latch "REGISTER4bit:inst15|inst~1"
    Warning (13310): Register "REGISTER4bit:inst15|inst5" is converted into an equivalent circuit using register "REGISTER4bit:inst15|inst5~_emulated" and latch "REGISTER4bit:inst15|inst5~1"
    Warning (13310): Register "REGISTER4bit:inst15|inst16" is converted into an equivalent circuit using register "REGISTER4bit:inst15|inst16~_emulated" and latch "REGISTER4bit:inst15|inst16~1"
    Warning (13310): Register "REGISTER4bit:inst15|inst20" is converted into an equivalent circuit using register "REGISTER4bit:inst15|inst20~_emulated" and latch "REGISTER4bit:inst15|inst20~1"
    Warning (13310): Register "REGISTER4bit:inst14|inst" is converted into an equivalent circuit using register "REGISTER4bit:inst14|inst~_emulated" and latch "REGISTER4bit:inst14|inst~1"
    Warning (13310): Register "REGISTER4bit:inst14|inst5" is converted into an equivalent circuit using register "REGISTER4bit:inst14|inst5~_emulated" and latch "REGISTER4bit:inst14|inst5~1"
    Warning (13310): Register "REGISTER4bit:inst14|inst16" is converted into an equivalent circuit using register "REGISTER4bit:inst14|inst16~_emulated" and latch "REGISTER4bit:inst14|inst16~1"
    Warning (13310): Register "REGISTER4bit:inst14|inst20" is converted into an equivalent circuit using register "REGISTER4bit:inst14|inst20~_emulated" and latch "REGISTER4bit:inst14|inst20~1"
    Warning (13310): Register "REGISTER4bit:inst11|inst" is converted into an equivalent circuit using register "REGISTER4bit:inst11|inst~_emulated" and latch "REGISTER4bit:inst11|inst~1"
    Warning (13310): Register "REGISTER4bit:inst11|inst5" is converted into an equivalent circuit using register "REGISTER4bit:inst11|inst5~_emulated" and latch "REGISTER4bit:inst11|inst5~1"
    Warning (13310): Register "REGISTER4bit:inst11|inst16" is converted into an equivalent circuit using register "REGISTER4bit:inst11|inst16~_emulated" and latch "REGISTER4bit:inst11|inst16~1"
    Warning (13310): Register "REGISTER4bit:inst11|inst20" is converted into an equivalent circuit using register "REGISTER4bit:inst11|inst20~_emulated" and latch "REGISTER4bit:inst11|inst20~1"
    Warning (13310): Register "REGISTER4bit:inst3|inst" is converted into an equivalent circuit using register "REGISTER4bit:inst3|inst~_emulated" and latch "REGISTER4bit:inst3|inst~1"
    Warning (13310): Register "REGISTER4bit:inst3|inst5" is converted into an equivalent circuit using register "REGISTER4bit:inst3|inst5~_emulated" and latch "REGISTER4bit:inst3|inst5~1"
    Warning (13310): Register "REGISTER4bit:inst3|inst16" is converted into an equivalent circuit using register "REGISTER4bit:inst3|inst16~_emulated" and latch "REGISTER4bit:inst3|inst16~1"
    Warning (13310): Register "REGISTER4bit:inst3|inst20" is converted into an equivalent circuit using register "REGISTER4bit:inst3|inst20~_emulated" and latch "REGISTER4bit:inst3|inst20~1"
    Warning (13310): Register "REGISTER4bit:inst2|inst" is converted into an equivalent circuit using register "REGISTER4bit:inst2|inst~_emulated" and latch "REGISTER4bit:inst2|inst~1"
    Warning (13310): Register "REGISTER4bit:inst2|inst5" is converted into an equivalent circuit using register "REGISTER4bit:inst2|inst5~_emulated" and latch "REGISTER4bit:inst2|inst5~1"
    Warning (13310): Register "REGISTER4bit:inst2|inst16" is converted into an equivalent circuit using register "REGISTER4bit:inst2|inst16~_emulated" and latch "REGISTER4bit:inst2|inst16~1"
    Warning (13310): Register "REGISTER4bit:inst2|inst20" is converted into an equivalent circuit using register "REGISTER4bit:inst2|inst20~_emulated" and latch "REGISTER4bit:inst2|inst20~1"
    Warning (13310): Register "REGISTER4bit:inst|inst20" is converted into an equivalent circuit using register "REGISTER4bit:inst|inst20~_emulated" and latch "REGISTER4bit:inst|inst20~1"
    Warning (13310): Register "REGISTER4bit:inst|inst16" is converted into an equivalent circuit using register "REGISTER4bit:inst|inst16~_emulated" and latch "REGISTER4bit:inst|inst16~1"
    Warning (13310): Register "REGISTER4bit:inst|inst5" is converted into an equivalent circuit using register "REGISTER4bit:inst|inst5~_emulated" and latch "REGISTER4bit:inst|inst5~1"
    Warning (13310): Register "REGISTER4bit:inst|inst" is converted into an equivalent circuit using register "REGISTER4bit:inst|inst~_emulated" and latch "REGISTER4bit:inst|inst~1"
Info (16010): Generating hard_block partition "hard_block:auto_generated_inst"
    Info (16011): Adding 0 node(s), including 0 DDIO, 0 PLL, 0 transceiver and 0 LCELL
Warning (21074): Design contains 12 input pin(s) that do not drive logic
    Warning (15610): No output dependent on input pin "IN_MEM[7]"
    Warning (15610): No output dependent on input pin "IN_MEM[6]"
    Warning (15610): No output dependent on input pin "IN_MEM[5]"
    Warning (15610): No output dependent on input pin "IN_MEM[4]"
    Warning (15610): No output dependent on input pin "IN_C[7]"
    Warning (15610): No output dependent on input pin "IN_C[6]"
    Warning (15610): No output dependent on input pin "IN_C[5]"
    Warning (15610): No output dependent on input pin "IN_C[4]"
    Warning (15610): No output dependent on input pin "IN_LOAD[7]"
    Warning (15610): No output dependent on input pin "IN_LOAD[6]"
    Warning (15610): No output dependent on input pin "IN_LOAD[5]"
    Warning (15610): No output dependent on input pin "IN_LOAD[4]"
Info (21057): Implemented 251 device resources after synthesis - the final resource count might be different
    Info (21058): Implemented 102 input pins
    Info (21059): Implemented 64 output pins
    Info (21061): Implemented 85 logic cells
Info: Quartus II 32-bit Analysis & Synthesis was successful. 0 errors, 44 warnings
    Info: Peak virtual memory: 397 megabytes
    Info: Processing ended: Wed Sep 11 18:01:57 2024
    Info: Elapsed time: 00:00:01
    Info: Total CPU time (on all processors): 00:00:01


